<?xml version="1.0" encoding="utf-8" standalone="no"?>
<!--This file represents the results of running a test suite-->
<test-results name="D:\repository\12meses12katas\amedio\Febrero-Roman-Numerals\Febrero-Roman-Numerals.nunit" total="1" errors="0" failures="1" not-run="0" inconclusive="0" ignored="0" skipped="0" invalid="0" date="2011-02-02" time="19:45:14">
  <environment nunit-version="2.5.9.10348" clr-version="2.0.50727.4952" os-version="Microsoft Windows NT 6.1.7600.0" platform="Win32NT" cwd="C:\Program Files\NUnit 2.5.9\bin\net-2.0" machine-name="BENDER001" user="Ruben" user-domain="BENDER001" />
  <culture-info current-culture="es-ES" current-uiculture="es-ES" />
  <test-suite type="Project" name="D:\repository\12meses12katas\amedio\Febrero-Roman-Numerals\Febrero-Roman-Numerals.nunit" executed="True" result="Failure" success="False" time="0.116" asserts="0">
    <results>
      <test-suite type="Assembly" name="D:\repository\12meses12katas\amedio\Febrero-Roman-Numerals\TestRomanNumbers\bin\Release\TestRomanNumbers.dll" executed="True" result="Failure" success="False" time="0.108" asserts="0">
        <results>
          <test-suite type="Namespace" name="TestRomanNumbers" executed="True" result="Failure" success="False" time="0.103" asserts="0">
            <results>
              <test-suite type="TestFixture" name="UnitTest" executed="True" result="Failure" success="False" time="0.082" asserts="0">
                <results>
                  <test-case name="TestRomanNumbers.UnitTest.TestConvertToRoman" executed="True" result="Failure" success="False" time="0.076" asserts="1">
                    <failure>
                      <message><![CDATA[  String lengths are both 1. Strings differ at index 0.
  Expected: "E"
  But was:  "X"
  -----------^
]]></message>
                      <stack-trace><![CDATA[en TestRomanNumbers.UnitTest.TestConvertToRoman() en D:\repository\12meses12katas\amedio\Febrero-Roman-Numerals\TestRomanNumbers\UnitTest.cs:línea 19
]]></stack-trace>
                    </failure>
                  </test-case>
                </results>
              </test-suite>
            </results>
          </test-suite>
        </results>
      </test-suite>
    </results>
  </test-suite>
</test-results>